  PA1_Practice.cpp
g:\comp371-gldecoders-project-cf1baf2f3a3c8fa7649aabb5a9e4900074ef1ded\comp371-gldecoders-project-cf1baf2f3a3c8fa7649aabb5a9e4900074ef1ded\pa1_practice\shader.h(65): warning C4101: 'e': unreferenced local variable
g:\comp371-gldecoders-project-cf1baf2f3a3c8fa7649aabb5a9e4900074ef1ded\comp371-gldecoders-project-cf1baf2f3a3c8fa7649aabb5a9e4900074ef1ded\pa1_practice\shader.h(125): warning C4101: 'e': unreferenced local variable
g:\comp371-gldecoders-project-cf1baf2f3a3c8fa7649aabb5a9e4900074ef1ded\comp371-gldecoders-project-cf1baf2f3a3c8fa7649aabb5a9e4900074ef1ded\pa1_practice\sphere.h(27): warning C4244: 'argument': conversion from 'double' to 'int', possible loss of data
g:\comp371-gldecoders-project-cf1baf2f3a3c8fa7649aabb5a9e4900074ef1ded\comp371-gldecoders-project-cf1baf2f3a3c8fa7649aabb5a9e4900074ef1ded\pa1_practice\hierarchicalmodel.h(299): warning C4305: 'argument': truncation from 'double' to 'float'
g:\comp371-gldecoders-project-cf1baf2f3a3c8fa7649aabb5a9e4900074ef1ded\comp371-gldecoders-project-cf1baf2f3a3c8fa7649aabb5a9e4900074ef1ded\pa1_practice\hierarchicalmodel.h(192): warning C4244: '=': conversion from 'double' to 'float', possible loss of data
g:\comp371-gldecoders-project-cf1baf2f3a3c8fa7649aabb5a9e4900074ef1ded\comp371-gldecoders-project-cf1baf2f3a3c8fa7649aabb5a9e4900074ef1ded\pa1_practice\hierarchicalmodel.h(282): warning C4018: '<': signed/unsigned mismatch
g:\comp371-gldecoders-project-cf1baf2f3a3c8fa7649aabb5a9e4900074ef1ded\comp371-gldecoders-project-cf1baf2f3a3c8fa7649aabb5a9e4900074ef1ded\pa1_practice\utilities.h(67): warning C4244: 'initializing': conversion from 'float' to 'int', possible loss of data
g:\comp371-gldecoders-project-cf1baf2f3a3c8fa7649aabb5a9e4900074ef1ded\comp371-gldecoders-project-cf1baf2f3a3c8fa7649aabb5a9e4900074ef1ded\pa1_practice\utilities.h(68): warning C4244: 'initializing': conversion from 'float' to 'int', possible loss of data
g:\comp371-gldecoders-project-cf1baf2f3a3c8fa7649aabb5a9e4900074ef1ded\comp371-gldecoders-project-cf1baf2f3a3c8fa7649aabb5a9e4900074ef1ded\pa1_practice\utilities.h(70): warning C4244: 'initializing': conversion from 'float' to 'int', possible loss of data
g:\comp371-gldecoders-project-cf1baf2f3a3c8fa7649aabb5a9e4900074ef1ded\comp371-gldecoders-project-cf1baf2f3a3c8fa7649aabb5a9e4900074ef1ded\pa1_practice\utilities.h(77): warning C4244: 'initializing': conversion from 'float' to 'int', possible loss of data
g:\comp371-gldecoders-project-cf1baf2f3a3c8fa7649aabb5a9e4900074ef1ded\comp371-gldecoders-project-cf1baf2f3a3c8fa7649aabb5a9e4900074ef1ded\pa1_practice\utilities.h(106): warning C4244: 'initializing': conversion from 'float' to 'int', possible loss of data
g:\comp371-gldecoders-project-cf1baf2f3a3c8fa7649aabb5a9e4900074ef1ded\comp371-gldecoders-project-cf1baf2f3a3c8fa7649aabb5a9e4900074ef1ded\pa1_practice\utilities.h(113): warning C4244: 'initializing': conversion from 'float' to 'int', possible loss of data
g:\comp371-gldecoders-project-cf1baf2f3a3c8fa7649aabb5a9e4900074ef1ded\comp371-gldecoders-project-cf1baf2f3a3c8fa7649aabb5a9e4900074ef1ded\pa1_practice\utilities.h(141): warning C4244: 'initializing': conversion from 'float' to 'int', possible loss of data
g:\comp371-gldecoders-project-cf1baf2f3a3c8fa7649aabb5a9e4900074ef1ded\comp371-gldecoders-project-cf1baf2f3a3c8fa7649aabb5a9e4900074ef1ded\pa1_practice\utilities.h(148): warning C4244: 'initializing': conversion from 'float' to 'int', possible loss of data
g:\comp371-gldecoders-project-cf1baf2f3a3c8fa7649aabb5a9e4900074ef1ded\comp371-gldecoders-project-cf1baf2f3a3c8fa7649aabb5a9e4900074ef1ded\pa1_practice\utilities.h(182): warning C4244: 'initializing': conversion from 'float' to 'int', possible loss of data
g:\comp371-gldecoders-project-cf1baf2f3a3c8fa7649aabb5a9e4900074ef1ded\comp371-gldecoders-project-cf1baf2f3a3c8fa7649aabb5a9e4900074ef1ded\pa1_practice\utilities.h(186): warning C4244: 'argument': conversion from 'float' to 'int', possible loss of data
g:\comp371-gldecoders-project-cf1baf2f3a3c8fa7649aabb5a9e4900074ef1ded\comp371-gldecoders-project-cf1baf2f3a3c8fa7649aabb5a9e4900074ef1ded\pa1_practice\utilities.h(187): warning C4244: 'argument': conversion from 'float' to 'int', possible loss of data
g:\comp371-gldecoders-project-cf1baf2f3a3c8fa7649aabb5a9e4900074ef1ded\comp371-gldecoders-project-cf1baf2f3a3c8fa7649aabb5a9e4900074ef1ded\pa1_practice\utilities.h(188): warning C4244: 'argument': conversion from 'float' to 'int', possible loss of data
g:\comp371-gldecoders-project-cf1baf2f3a3c8fa7649aabb5a9e4900074ef1ded\comp371-gldecoders-project-cf1baf2f3a3c8fa7649aabb5a9e4900074ef1ded\pa1_practice\player.h(95): warning C4227: anachronism used: qualifiers on reference are ignored
g:\comp371-gldecoders-project-cf1baf2f3a3c8fa7649aabb5a9e4900074ef1ded\comp371-gldecoders-project-cf1baf2f3a3c8fa7649aabb5a9e4900074ef1ded\pa1_practice\player.h(108): warning C4114: same type qualifier used more than once
g:\comp371-gldecoders-project-cf1baf2f3a3c8fa7649aabb5a9e4900074ef1ded\comp371-gldecoders-project-cf1baf2f3a3c8fa7649aabb5a9e4900074ef1ded\pa1_practice\player.h(109): warning C4114: same type qualifier used more than once
g:\comp371-gldecoders-project-cf1baf2f3a3c8fa7649aabb5a9e4900074ef1ded\comp371-gldecoders-project-cf1baf2f3a3c8fa7649aabb5a9e4900074ef1ded\pa1_practice\player.h(80): warning C4244: 'argument': conversion from 'double' to 'float', possible loss of data
g:\comp371-gldecoders-project-cf1baf2f3a3c8fa7649aabb5a9e4900074ef1ded\comp371-gldecoders-project-cf1baf2f3a3c8fa7649aabb5a9e4900074ef1ded\pa1_practice\ui_inputmanager.h(313): warning C4244: 'argument': conversion from 'double' to 'float', possible loss of data
g:\comp371-gldecoders-project-cf1baf2f3a3c8fa7649aabb5a9e4900074ef1ded\comp371-gldecoders-project-cf1baf2f3a3c8fa7649aabb5a9e4900074ef1ded\pa1_practice\ui_inputmanager.h(333): warning C4244: '=': conversion from 'int' to 'float', possible loss of data
g:\comp371-gldecoders-project-cf1baf2f3a3c8fa7649aabb5a9e4900074ef1ded\comp371-gldecoders-project-cf1baf2f3a3c8fa7649aabb5a9e4900074ef1ded\pa1_practice\ui_inputmanager.h(334): warning C4244: '=': conversion from 'int' to 'float', possible loss of data
g:\comp371-gldecoders-project-cf1baf2f3a3c8fa7649aabb5a9e4900074ef1ded\comp371-gldecoders-project-cf1baf2f3a3c8fa7649aabb5a9e4900074ef1ded\pa1_practice\ui_inputmanager.h(378): warning C4244: 'return': conversion from 'double' to 'float', possible loss of data
g:\comp371-gldecoders-project-cf1baf2f3a3c8fa7649aabb5a9e4900074ef1ded\comp371-gldecoders-project-cf1baf2f3a3c8fa7649aabb5a9e4900074ef1ded\pa1_practice\pa1_practice.cpp(113): warning C4305: 'argument': truncation from 'double' to 'float'
g:\comp371-gldecoders-project-cf1baf2f3a3c8fa7649aabb5a9e4900074ef1ded\comp371-gldecoders-project-cf1baf2f3a3c8fa7649aabb5a9e4900074ef1ded\pa1_practice\pa1_practice.cpp(114): warning C4305: 'argument': truncation from 'double' to 'float'
g:\comp371-gldecoders-project-cf1baf2f3a3c8fa7649aabb5a9e4900074ef1ded\comp371-gldecoders-project-cf1baf2f3a3c8fa7649aabb5a9e4900074ef1ded\pa1_practice\pa1_practice.cpp(115): warning C4305: 'argument': truncation from 'double' to 'float'
g:\comp371-gldecoders-project-cf1baf2f3a3c8fa7649aabb5a9e4900074ef1ded\comp371-gldecoders-project-cf1baf2f3a3c8fa7649aabb5a9e4900074ef1ded\pa1_practice\pa1_practice.cpp(116): warning C4305: 'argument': truncation from 'double' to 'float'
g:\comp371-gldecoders-project-cf1baf2f3a3c8fa7649aabb5a9e4900074ef1ded\comp371-gldecoders-project-cf1baf2f3a3c8fa7649aabb5a9e4900074ef1ded\pa1_practice\pa1_practice.cpp(117): warning C4305: 'argument': truncation from 'double' to 'float'
g:\comp371-gldecoders-project-cf1baf2f3a3c8fa7649aabb5a9e4900074ef1ded\comp371-gldecoders-project-cf1baf2f3a3c8fa7649aabb5a9e4900074ef1ded\pa1_practice\pa1_practice.cpp(118): warning C4305: 'argument': truncation from 'double' to 'float'
g:\comp371-gldecoders-project-cf1baf2f3a3c8fa7649aabb5a9e4900074ef1ded\comp371-gldecoders-project-cf1baf2f3a3c8fa7649aabb5a9e4900074ef1ded\pa1_practice\pa1_practice.cpp(119): warning C4305: 'argument': truncation from 'double' to 'float'
g:\comp371-gldecoders-project-cf1baf2f3a3c8fa7649aabb5a9e4900074ef1ded\comp371-gldecoders-project-cf1baf2f3a3c8fa7649aabb5a9e4900074ef1ded\pa1_practice\pa1_practice.cpp(120): warning C4305: 'argument': truncation from 'double' to 'float'
g:\comp371-gldecoders-project-cf1baf2f3a3c8fa7649aabb5a9e4900074ef1ded\comp371-gldecoders-project-cf1baf2f3a3c8fa7649aabb5a9e4900074ef1ded\pa1_practice\pa1_practice.cpp(121): warning C4305: 'argument': truncation from 'double' to 'float'
g:\comp371-gldecoders-project-cf1baf2f3a3c8fa7649aabb5a9e4900074ef1ded\comp371-gldecoders-project-cf1baf2f3a3c8fa7649aabb5a9e4900074ef1ded\pa1_practice\pa1_practice.cpp(122): warning C4305: 'argument': truncation from 'double' to 'float'
g:\comp371-gldecoders-project-cf1baf2f3a3c8fa7649aabb5a9e4900074ef1ded\comp371-gldecoders-project-cf1baf2f3a3c8fa7649aabb5a9e4900074ef1ded\pa1_practice\pa1_practice.cpp(123): warning C4305: 'argument': truncation from 'double' to 'float'
g:\comp371-gldecoders-project-cf1baf2f3a3c8fa7649aabb5a9e4900074ef1ded\comp371-gldecoders-project-cf1baf2f3a3c8fa7649aabb5a9e4900074ef1ded\pa1_practice\pa1_practice.cpp(166): warning C4244: 'initializing': conversion from 'double' to 'float', possible loss of data
g:\comp371-gldecoders-project-cf1baf2f3a3c8fa7649aabb5a9e4900074ef1ded\comp371-gldecoders-project-cf1baf2f3a3c8fa7649aabb5a9e4900074ef1ded\pa1_practice\pa1_practice.cpp(212): warning C4244: '=': conversion from 'int' to 'float', possible loss of data
g:\comp371-gldecoders-project-cf1baf2f3a3c8fa7649aabb5a9e4900074ef1ded\comp371-gldecoders-project-cf1baf2f3a3c8fa7649aabb5a9e4900074ef1ded\pa1_practice\pa1_practice.cpp(213): warning C4244: '=': conversion from 'int' to 'float', possible loss of data
g:\comp371-gldecoders-project-cf1baf2f3a3c8fa7649aabb5a9e4900074ef1ded\comp371-gldecoders-project-cf1baf2f3a3c8fa7649aabb5a9e4900074ef1ded\pa1_practice\pa1_practice.cpp(215): warning C4244: 'argument': conversion from 'float' to 'GLsizei', possible loss of data
g:\comp371-gldecoders-project-cf1baf2f3a3c8fa7649aabb5a9e4900074ef1ded\comp371-gldecoders-project-cf1baf2f3a3c8fa7649aabb5a9e4900074ef1ded\pa1_practice\pa1_practice.cpp(256): warning C4244: 'return': conversion from 'double' to 'float', possible loss of data
g:\comp371-gldecoders-project-cf1baf2f3a3c8fa7649aabb5a9e4900074ef1ded\comp371-gldecoders-project-cf1baf2f3a3c8fa7649aabb5a9e4900074ef1ded\pa1_practice\pa1_practice.cpp(289): warning C4244: '=': conversion from 'float' to 'char', possible loss of data
g:\comp371-gldecoders-project-cf1baf2f3a3c8fa7649aabb5a9e4900074ef1ded\comp371-gldecoders-project-cf1baf2f3a3c8fa7649aabb5a9e4900074ef1ded\pa1_practice\pa1_practice.cpp(298): warning C4244: 'argument': conversion from 'double' to 'unsigned int', possible loss of data
g:\comp371-gldecoders-project-cf1baf2f3a3c8fa7649aabb5a9e4900074ef1ded\comp371-gldecoders-project-cf1baf2f3a3c8fa7649aabb5a9e4900074ef1ded\pa1_practice\pa1_practice.cpp(321): warning C4244: 'return': conversion from 'double' to 'char', possible loss of data
g:\comp371-gldecoders-project-cf1baf2f3a3c8fa7649aabb5a9e4900074ef1ded\comp371-gldecoders-project-cf1baf2f3a3c8fa7649aabb5a9e4900074ef1ded\pa1_practice\pa1_practice.cpp(362): warning C4018: '<': signed/unsigned mismatch
g:\comp371-gldecoders-project-cf1baf2f3a3c8fa7649aabb5a9e4900074ef1ded\comp371-gldecoders-project-cf1baf2f3a3c8fa7649aabb5a9e4900074ef1ded\pa1_practice\pa1_practice.cpp(365): warning C4018: '<': signed/unsigned mismatch
g:\comp371-gldecoders-project-cf1baf2f3a3c8fa7649aabb5a9e4900074ef1ded\comp371-gldecoders-project-cf1baf2f3a3c8fa7649aabb5a9e4900074ef1ded\pa1_practice\pa1_practice.cpp(408): warning C4244: 'return': conversion from 'double' to 'float', possible loss of data
g:\comp371-gldecoders-project-cf1baf2f3a3c8fa7649aabb5a9e4900074ef1ded\comp371-gldecoders-project-cf1baf2f3a3c8fa7649aabb5a9e4900074ef1ded\pa1_practice\pa1_practice.cpp(409): warning C4244: 'return': conversion from 'double' to 'float', possible loss of data
g:\comp371-gldecoders-project-cf1baf2f3a3c8fa7649aabb5a9e4900074ef1ded\comp371-gldecoders-project-cf1baf2f3a3c8fa7649aabb5a9e4900074ef1ded\pa1_practice\pa1_practice.cpp(450): warning C4244: 'return': conversion from 'double' to 'float', possible loss of data
g:\comp371-gldecoders-project-cf1baf2f3a3c8fa7649aabb5a9e4900074ef1ded\comp371-gldecoders-project-cf1baf2f3a3c8fa7649aabb5a9e4900074ef1ded\pa1_practice\pa1_practice.cpp(523): warning C4244: 'initializing': conversion from 'float' to 'uint8_t', possible loss of data
g:\comp371-gldecoders-project-cf1baf2f3a3c8fa7649aabb5a9e4900074ef1ded\comp371-gldecoders-project-cf1baf2f3a3c8fa7649aabb5a9e4900074ef1ded\pa1_practice\pa1_practice.cpp(524): warning C4244: 'initializing': conversion from 'float' to 'uint8_t', possible loss of data
g:\comp371-gldecoders-project-cf1baf2f3a3c8fa7649aabb5a9e4900074ef1ded\comp371-gldecoders-project-cf1baf2f3a3c8fa7649aabb5a9e4900074ef1ded\pa1_practice\pa1_practice.cpp(525): warning C4244: 'initializing': conversion from 'float' to 'uint8_t', possible loss of data
g:\comp371-gldecoders-project-cf1baf2f3a3c8fa7649aabb5a9e4900074ef1ded\comp371-gldecoders-project-cf1baf2f3a3c8fa7649aabb5a9e4900074ef1ded\pa1_practice\pa1_practice.cpp(752): warning C4244: 'argument': conversion from 'float' to 'GLsizei', possible loss of data
g:\comp371-gldecoders-project-cf1baf2f3a3c8fa7649aabb5a9e4900074ef1ded\comp371-gldecoders-project-cf1baf2f3a3c8fa7649aabb5a9e4900074ef1ded\pa1_practice\pa1_practice.cpp(762): warning C4244: 'argument': conversion from 'float' to 'GLsizei', possible loss of data
g:\comp371-gldecoders-project-cf1baf2f3a3c8fa7649aabb5a9e4900074ef1ded\comp371-gldecoders-project-cf1baf2f3a3c8fa7649aabb5a9e4900074ef1ded\pa1_practice\pa1_practice.cpp(779): warning C4244: 'argument': conversion from 'float' to 'GLsizei', possible loss of data
g:\comp371-gldecoders-project-cf1baf2f3a3c8fa7649aabb5a9e4900074ef1ded\comp371-gldecoders-project-cf1baf2f3a3c8fa7649aabb5a9e4900074ef1ded\pa1_practice\pa1_practice.cpp(877): warning C4244: 'argument': conversion from 'double' to 'unsigned int', possible loss of data
g:\comp371-gldecoders-project-cf1baf2f3a3c8fa7649aabb5a9e4900074ef1ded\comp371-gldecoders-project-cf1baf2f3a3c8fa7649aabb5a9e4900074ef1ded\pa1_practice\pa1_practice.cpp(1029): warning C4244: 'initializing': conversion from 'float' to 'int', possible loss of data
g:\comp371-gldecoders-project-cf1baf2f3a3c8fa7649aabb5a9e4900074ef1ded\comp371-gldecoders-project-cf1baf2f3a3c8fa7649aabb5a9e4900074ef1ded\pa1_practice\pa1_practice.cpp(1030): warning C4244: 'initializing': conversion from 'float' to 'int', possible loss of data
g:\comp371-gldecoders-project-cf1baf2f3a3c8fa7649aabb5a9e4900074ef1ded\comp371-gldecoders-project-cf1baf2f3a3c8fa7649aabb5a9e4900074ef1ded\pa1_practice\pa1_practice.cpp(1031): warning C4244: 'initializing': conversion from 'float' to 'int', possible loss of data
g:\comp371-gldecoders-project-cf1baf2f3a3c8fa7649aabb5a9e4900074ef1ded\comp371-gldecoders-project-cf1baf2f3a3c8fa7649aabb5a9e4900074ef1ded\pa1_practice\pa1_practice.cpp(1052): warning C4244: 'initializing': conversion from 'double' to 'float', possible loss of data
g:\comp371-gldecoders-project-cf1baf2f3a3c8fa7649aabb5a9e4900074ef1ded\comp371-gldecoders-project-cf1baf2f3a3c8fa7649aabb5a9e4900074ef1ded\pa1_practice\pa1_practice.cpp(1076): warning C4305: 'initializing': truncation from 'double' to 'float'
g:\comp371-gldecoders-project-cf1baf2f3a3c8fa7649aabb5a9e4900074ef1ded\comp371-gldecoders-project-cf1baf2f3a3c8fa7649aabb5a9e4900074ef1ded\pa1_practice\pa1_practice.cpp(1112): warning C4244: 'argument': conversion from 'float' to 'GLsizei', possible loss of data
g:\comp371-gldecoders-project-cf1baf2f3a3c8fa7649aabb5a9e4900074ef1ded\comp371-gldecoders-project-cf1baf2f3a3c8fa7649aabb5a9e4900074ef1ded\pa1_practice\pa1_practice.cpp(1124): warning C4244: 'argument': conversion from 'float' to 'GLsizei', possible loss of data
g:\comp371-gldecoders-project-cf1baf2f3a3c8fa7649aabb5a9e4900074ef1ded\comp371-gldecoders-project-cf1baf2f3a3c8fa7649aabb5a9e4900074ef1ded\pa1_practice\pa1_practice.cpp(1143): warning C4244: 'argument': conversion from 'float' to 'GLsizei', possible loss of data
g:\comp371-gldecoders-project-cf1baf2f3a3c8fa7649aabb5a9e4900074ef1ded\comp371-gldecoders-project-cf1baf2f3a3c8fa7649aabb5a9e4900074ef1ded\pa1_practice\pa1_practice.cpp(1188): warning C4244: 'initializing': conversion from 'double' to 'float', possible loss of data
g:\comp371-gldecoders-project-cf1baf2f3a3c8fa7649aabb5a9e4900074ef1ded\comp371-gldecoders-project-cf1baf2f3a3c8fa7649aabb5a9e4900074ef1ded\pa1_practice\pa1_practice.cpp(1209): warning C4244: 'argument': conversion from 'double' to 'float', possible loss of data
g:\comp371-gldecoders-project-cf1baf2f3a3c8fa7649aabb5a9e4900074ef1ded\comp371-gldecoders-project-cf1baf2f3a3c8fa7649aabb5a9e4900074ef1ded\pa1_practice\pa1_practice.cpp(1218): warning C4244: '=': conversion from 'double' to 'float', possible loss of data
g:\comp371-gldecoders-project-cf1baf2f3a3c8fa7649aabb5a9e4900074ef1ded\comp371-gldecoders-project-cf1baf2f3a3c8fa7649aabb5a9e4900074ef1ded\pa1_practice\pa1_practice.cpp(1267): warning C4305: 'argument': truncation from 'double' to 'float'
g:\comp371-gldecoders-project-cf1baf2f3a3c8fa7649aabb5a9e4900074ef1ded\comp371-gldecoders-project-cf1baf2f3a3c8fa7649aabb5a9e4900074ef1ded\pa1_practice\pa1_practice.cpp(1271): warning C4305: 'argument': truncation from 'double' to 'float'
g:\comp371-gldecoders-project-cf1baf2f3a3c8fa7649aabb5a9e4900074ef1ded\comp371-gldecoders-project-cf1baf2f3a3c8fa7649aabb5a9e4900074ef1ded\pa1_practice\pa1_practice.cpp(1301): warning C4244: 'argument': conversion from 'float' to 'GLsizei', possible loss of data
g:\comp371-gldecoders-project-cf1baf2f3a3c8fa7649aabb5a9e4900074ef1ded\comp371-gldecoders-project-cf1baf2f3a3c8fa7649aabb5a9e4900074ef1ded\pa1_practice\pa1_practice.cpp(1311): warning C4244: 'argument': conversion from 'float' to 'GLsizei', possible loss of data
g:\comp371-gldecoders-project-cf1baf2f3a3c8fa7649aabb5a9e4900074ef1ded\comp371-gldecoders-project-cf1baf2f3a3c8fa7649aabb5a9e4900074ef1ded\pa1_practice\pa1_practice.cpp(1325): warning C4244: 'argument': conversion from 'float' to 'GLsizei', possible loss of data
g:\comp371-gldecoders-project-cf1baf2f3a3c8fa7649aabb5a9e4900074ef1ded\comp371-gldecoders-project-cf1baf2f3a3c8fa7649aabb5a9e4900074ef1ded\pa1_practice\pa1_practice.cpp(1379): warning C4018: '<': signed/unsigned mismatch
g:\comp371-gldecoders-project-cf1baf2f3a3c8fa7649aabb5a9e4900074ef1ded\comp371-gldecoders-project-cf1baf2f3a3c8fa7649aabb5a9e4900074ef1ded\pa1_practice\pa1_practice.cpp(1438): warning C4018: '<': signed/unsigned mismatch
g:\comp371-gldecoders-project-cf1baf2f3a3c8fa7649aabb5a9e4900074ef1ded\comp371-gldecoders-project-cf1baf2f3a3c8fa7649aabb5a9e4900074ef1ded\pa1_practice\pa1_practice.cpp(1656): warning C4018: '<': signed/unsigned mismatch
g:\comp371-gldecoders-project-cf1baf2f3a3c8fa7649aabb5a9e4900074ef1ded\comp371-gldecoders-project-cf1baf2f3a3c8fa7649aabb5a9e4900074ef1ded\pa1_practice\pa1_practice.cpp(1055): warning C4101: 'testTime2': unreferenced local variable
g:\comp371-gldecoders-project-cf1baf2f3a3c8fa7649aabb5a9e4900074ef1ded\comp371-gldecoders-project-cf1baf2f3a3c8fa7649aabb5a9e4900074ef1ded\pa1_practice\utilities.h(57): warning C4715: 'Utilities::currentChunk': not all control paths return a value
g:\comp371-gldecoders-project-cf1baf2f3a3c8fa7649aabb5a9e4900074ef1ded\comp371-gldecoders-project-cf1baf2f3a3c8fa7649aabb5a9e4900074ef1ded\pa1_practice\player.h(101): warning C4172: returning address of local variable or temporary
  PA1_Practice.vcxproj -> G:\COMP371-GLDecoders-Project-cf1baf2f3a3c8fa7649aabb5a9e4900074ef1ded\COMP371-GLDecoders-Project-cf1baf2f3a3c8fa7649aabb5a9e4900074ef1ded\Debug\PA1_Practice.exe
