g:\comp371-gldecoders-project-cf1baf2f3a3c8fa7649aabb5a9e4900074ef1ded\comp371-gldecoders-project-cf1baf2f3a3c8fa7649aabb5a9e4900074ef1ded\pa1_practice\debug\vc141.pdb
g:\comp371-gldecoders-project-cf1baf2f3a3c8fa7649aabb5a9e4900074ef1ded\comp371-gldecoders-project-cf1baf2f3a3c8fa7649aabb5a9e4900074ef1ded\pa1_practice\debug\vc141.idb
g:\comp371-gldecoders-project-cf1baf2f3a3c8fa7649aabb5a9e4900074ef1ded\comp371-gldecoders-project-cf1baf2f3a3c8fa7649aabb5a9e4900074ef1ded\pa1_practice\debug\skinned_mesh.obj
g:\comp371-gldecoders-project-cf1baf2f3a3c8fa7649aabb5a9e4900074ef1ded\comp371-gldecoders-project-cf1baf2f3a3c8fa7649aabb5a9e4900074ef1ded\pa1_practice\debug\player.obj
g:\comp371-gldecoders-project-cf1baf2f3a3c8fa7649aabb5a9e4900074ef1ded\comp371-gldecoders-project-cf1baf2f3a3c8fa7649aabb5a9e4900074ef1ded\pa1_practice\debug\physicsutilities.obj
g:\comp371-gldecoders-project-cf1baf2f3a3c8fa7649aabb5a9e4900074ef1ded\comp371-gldecoders-project-cf1baf2f3a3c8fa7649aabb5a9e4900074ef1ded\pa1_practice\debug\pa1_practice.obj
g:\comp371-gldecoders-project-cf1baf2f3a3c8fa7649aabb5a9e4900074ef1ded\comp371-gldecoders-project-cf1baf2f3a3c8fa7649aabb5a9e4900074ef1ded\pa1_practice\debug\openglwindow.obj
g:\comp371-gldecoders-project-cf1baf2f3a3c8fa7649aabb5a9e4900074ef1ded\comp371-gldecoders-project-cf1baf2f3a3c8fa7649aabb5a9e4900074ef1ded\pa1_practice\debug\material.obj
g:\comp371-gldecoders-project-cf1baf2f3a3c8fa7649aabb5a9e4900074ef1ded\comp371-gldecoders-project-cf1baf2f3a3c8fa7649aabb5a9e4900074ef1ded\pa1_practice\debug\marchingcubes.obj
g:\comp371-gldecoders-project-cf1baf2f3a3c8fa7649aabb5a9e4900074ef1ded\comp371-gldecoders-project-cf1baf2f3a3c8fa7649aabb5a9e4900074ef1ded\pa1_practice\debug\marchingcubechunk.obj
g:\comp371-gldecoders-project-cf1baf2f3a3c8fa7649aabb5a9e4900074ef1ded\comp371-gldecoders-project-cf1baf2f3a3c8fa7649aabb5a9e4900074ef1ded\pa1_practice\debug\imgui_widgets.obj
g:\comp371-gldecoders-project-cf1baf2f3a3c8fa7649aabb5a9e4900074ef1ded\comp371-gldecoders-project-cf1baf2f3a3c8fa7649aabb5a9e4900074ef1ded\pa1_practice\debug\imgui_impl_opengl3.obj
g:\comp371-gldecoders-project-cf1baf2f3a3c8fa7649aabb5a9e4900074ef1ded\comp371-gldecoders-project-cf1baf2f3a3c8fa7649aabb5a9e4900074ef1ded\pa1_practice\debug\imgui_impl_glfw.obj
g:\comp371-gldecoders-project-cf1baf2f3a3c8fa7649aabb5a9e4900074ef1ded\comp371-gldecoders-project-cf1baf2f3a3c8fa7649aabb5a9e4900074ef1ded\pa1_practice\debug\imgui_draw.obj
g:\comp371-gldecoders-project-cf1baf2f3a3c8fa7649aabb5a9e4900074ef1ded\comp371-gldecoders-project-cf1baf2f3a3c8fa7649aabb5a9e4900074ef1ded\pa1_practice\debug\imgui_demo.obj
g:\comp371-gldecoders-project-cf1baf2f3a3c8fa7649aabb5a9e4900074ef1ded\comp371-gldecoders-project-cf1baf2f3a3c8fa7649aabb5a9e4900074ef1ded\pa1_practice\debug\imgui.obj
g:\comp371-gldecoders-project-cf1baf2f3a3c8fa7649aabb5a9e4900074ef1ded\comp371-gldecoders-project-cf1baf2f3a3c8fa7649aabb5a9e4900074ef1ded\pa1_practice\debug\icosphere.obj
g:\comp371-gldecoders-project-cf1baf2f3a3c8fa7649aabb5a9e4900074ef1ded\comp371-gldecoders-project-cf1baf2f3a3c8fa7649aabb5a9e4900074ef1ded\pa1_practice\debug\hierarchicalmodel.obj
g:\comp371-gldecoders-project-cf1baf2f3a3c8fa7649aabb5a9e4900074ef1ded\comp371-gldecoders-project-cf1baf2f3a3c8fa7649aabb5a9e4900074ef1ded\pa1_practice\debug\grid.obj
g:\comp371-gldecoders-project-cf1baf2f3a3c8fa7649aabb5a9e4900074ef1ded\comp371-gldecoders-project-cf1baf2f3a3c8fa7649aabb5a9e4900074ef1ded\pa1_practice\debug\cube.obj
g:\comp371-gldecoders-project-cf1baf2f3a3c8fa7649aabb5a9e4900074ef1ded\comp371-gldecoders-project-cf1baf2f3a3c8fa7649aabb5a9e4900074ef1ded\pa1_practice\debug\boid.obj
g:\comp371-gldecoders-project-cf1baf2f3a3c8fa7649aabb5a9e4900074ef1ded\comp371-gldecoders-project-cf1baf2f3a3c8fa7649aabb5a9e4900074ef1ded\pa1_practice\debug\3dmathutils.obj
g:\comp371-gldecoders-project-cf1baf2f3a3c8fa7649aabb5a9e4900074ef1ded\comp371-gldecoders-project-cf1baf2f3a3c8fa7649aabb5a9e4900074ef1ded\pa1_practice\debug\sphere.obj
g:\comp371-gldecoders-project-cf1baf2f3a3c8fa7649aabb5a9e4900074ef1ded\comp371-gldecoders-project-cf1baf2f3a3c8fa7649aabb5a9e4900074ef1ded\debug\pa1_practice.exe
g:\comp371-gldecoders-project-cf1baf2f3a3c8fa7649aabb5a9e4900074ef1ded\comp371-gldecoders-project-cf1baf2f3a3c8fa7649aabb5a9e4900074ef1ded\debug\pa1_practice.ilk
g:\comp371-gldecoders-project-cf1baf2f3a3c8fa7649aabb5a9e4900074ef1ded\comp371-gldecoders-project-cf1baf2f3a3c8fa7649aabb5a9e4900074ef1ded\debug\pa1_practice.pdb
g:\comp371-gldecoders-project-cf1baf2f3a3c8fa7649aabb5a9e4900074ef1ded\comp371-gldecoders-project-cf1baf2f3a3c8fa7649aabb5a9e4900074ef1ded\pa1_practice\debug\pa1_practice.tlog\cl.read.1.tlog
g:\comp371-gldecoders-project-cf1baf2f3a3c8fa7649aabb5a9e4900074ef1ded\comp371-gldecoders-project-cf1baf2f3a3c8fa7649aabb5a9e4900074ef1ded\pa1_practice\debug\pa1_practice.tlog\cl.write.1.tlog
g:\comp371-gldecoders-project-cf1baf2f3a3c8fa7649aabb5a9e4900074ef1ded\comp371-gldecoders-project-cf1baf2f3a3c8fa7649aabb5a9e4900074ef1ded\pa1_practice\debug\pa1_practice.tlog\cl.command.1.tlog
g:\comp371-gldecoders-project-cf1baf2f3a3c8fa7649aabb5a9e4900074ef1ded\comp371-gldecoders-project-cf1baf2f3a3c8fa7649aabb5a9e4900074ef1ded\pa1_practice\debug\pa1_practice.tlog\link.command.1.tlog
g:\comp371-gldecoders-project-cf1baf2f3a3c8fa7649aabb5a9e4900074ef1ded\comp371-gldecoders-project-cf1baf2f3a3c8fa7649aabb5a9e4900074ef1ded\pa1_practice\debug\pa1_practice.tlog\link.read.1.tlog
g:\comp371-gldecoders-project-cf1baf2f3a3c8fa7649aabb5a9e4900074ef1ded\comp371-gldecoders-project-cf1baf2f3a3c8fa7649aabb5a9e4900074ef1ded\pa1_practice\debug\pa1_practice.tlog\link.write.1.tlog
